<?xml version="1.0" encoding="UTF-8"?>
<testng-results ignored="0" total="1" passed="1" failed="0" skipped="0">
  <reporter-output>
  </reporter-output>
  <suite started-at="2025-10-25T13:27:40 IST" name="Default suite" finished-at="2025-10-25T13:27:49 IST" duration-ms="9345">
    <groups>
    </groups>
    <test started-at="2025-10-25T13:27:40 IST" name="Default test" finished-at="2025-10-25T13:27:49 IST" duration-ms="9345">
      <class name="TestCases.Cheapflight_test">
        <test-method is-config="true" signature="Setup()[pri:0, instance:TestCases.Cheapflight_test@3fc2959f]" started-at="2025-10-25T13:27:40 IST" name="Setup" finished-at="2025-10-25T13:27:44 IST" duration-ms="4025" status="PASS">
          <reporter-output>
          </reporter-output>
        </test-method> <!-- Setup -->
        <test-method signature="flightset()[pri:0, instance:TestCases.Cheapflight_test@3fc2959f]" started-at="2025-10-25T13:27:44 IST" name="flightset" finished-at="2025-10-25T13:27:49 IST" duration-ms="5280" status="PASS">
          <reporter-output>
          </reporter-output>
        </test-method> <!-- flightset -->
      </class> <!-- TestCases.Cheapflight_test -->
    </test> <!-- Default test -->
  </suite> <!-- Default suite -->
</testng-results>
