<?xml version="1.0" encoding="UTF-8"?>
<!-- Generated by org.testng.reporters.JUnitXMLReporter -->
<testsuite ignored="1" hostname="Prashant" failures="1" tests="1" name="Surefire test" time="12.206" errors="0" timestamp="2026-04-20T15:45:34 IST">
  <testcase classname="TestCases.BrokenlinkTest" name="brokencheck" time="0.008">
    <failure type="java.lang.NullPointerException" message="Cannot invoke &amp;quot;org.openqa.selenium.WebDriver.findElements(org.openqa.selenium.By)&amp;quot; because &amp;quot;this.driver&amp;quot; is null">
      <![CDATA[java.lang.NullPointerException: Cannot invoke "org.openqa.selenium.WebDriver.findElements(org.openqa.selenium.By)" because "this.driver" is null
at TestCases.BrokenlinkTest.brokencheck(BrokenlinkTest.java:21)
at java.base/java.util.ArrayList.forEach(ArrayList.java:1511)
... Removed 32 stack frames]]>
    </failure>
  </testcase> <!-- brokencheck -->
  <testcase classname="TestCases.BaseTest" name="@BeforeTest Setup" time="0.0">
    <ignored/>
  </testcase> <!-- @BeforeTest Setup -->
</testsuite> <!-- Surefire test -->
